2015-05-12 09:29:44 can login
2015-05-12 09:29:44 Able to login BEAT
2015-05-12 09:42:16 Not able to login BEAT 
2015-05-12 09:42:49 Not able to login BEAT 
2015-05-12 09:44:18 /home/kana/kanadigital/preview/gogirl/public_html/public_assets/banner/38b3a66b648bb91f3b94eaa96fb7067c.jpg
2015-05-12 09:50:24 can login
2015-05-12 09:50:24 Able to login BEAT
2015-05-12 09:51:44 /home/kana/kanadigital/preview/gogirl/public_html/public_assets/banner/11cbd0e38c07c9a4f963af6ebc8e2841.jpg
2015-05-12 10:04:58 can login
2015-05-12 10:04:58 Able to login BEAT
2015-05-12 10:41:32 /home/kana/kanadigital/preview/gogirl/public_html/public_assets/imgregistrasi/8e10e752867ef570f3d361f954cca429.jpg
2015-05-12 10:41:32 /home/kana/kanadigital/preview/gogirl/public_html/public_assets/imgregistrasi/162fcfee4e4416d4165d77a18d59a723.jpg
2015-05-12 10:43:24 Not able to login BEAT 
2015-05-12 10:43:51 can login
2015-05-12 10:43:51 Able to login BEAT
2015-05-12 10:49:31 /home/kana/kanadigital/preview/gogirl/public_html/public_assets/quiz/9dbfca3fab6e4f243a5e995598be42f2.jpg
2015-05-12 10:57:11 can login
2015-05-12 10:57:11 Able to login BEAT
2015-05-12 11:56:53 /home/kana/kanadigital/preview/gogirl/public_html/public_assets/imgregistrasi/cad364e4f6f30fb20ee5e6303a267560.jpg
2015-05-12 11:56:53 /home/kana/kanadigital/preview/gogirl/public_html/public_assets/imgregistrasi/8f83433fe7673305084b00a91f4d55cc.jpg
2015-05-12 12:12:08 /home/kana/kanadigital/preview/gogirl/public_html/public_assets/imgregistrasi/1c10d6a6e751880f530eda85d5b0caf7.jpg
2015-05-12 12:12:08 /home/kana/kanadigital/preview/gogirl/public_html/public_assets/imgregistrasi/7f86e7719d10397ba1791400584b1895.jpg
2015-05-12 13:41:45 can login
2015-05-12 13:41:45 Able to login BEAT
2015-05-12 13:44:01 can login
2015-05-12 13:44:01 Able to login BEAT
2015-05-12 13:44:56 can login
2015-05-12 13:44:56 Able to login BEAT
2015-05-12 13:55:50 can login
2015-05-12 13:55:50 Able to login BEAT
2015-05-12 13:56:59 can login
2015-05-12 13:56:59 Able to login BEAT
2015-05-12 14:23:28 Not able to login BEAT 
2015-05-12 14:24:33 can login
2015-05-12 14:24:33 Able to login BEAT
2015-05-12 14:26:11 /home/kana/kanadigital/preview/gogirl/public_html/public_assets/imgregistrasi/880b9a0804607150ee78948bc4b6b8e0.jpg
2015-05-12 14:26:11 /home/kana/kanadigital/preview/gogirl/public_html/public_assets/imgregistrasi/5d844b2b9c854df2cd22f369b21754bd.jpg
2015-05-12 14:30:57 can login
2015-05-12 14:30:57 Able to login BEAT
2015-05-12 14:42:37 Not able to login BEAT 
2015-05-12 14:42:48 can login
2015-05-12 14:42:48 Able to login BEAT
2015-05-12 14:46:57 can login
2015-05-12 14:46:57 Able to login BEAT
2015-05-12 14:55:17 /home/kana/kanadigital/preview/gogirl/public_html/public_assets/banner/3f4f8ecc5edcdc4d61dc48b954b4f960.jpg
2015-05-12 15:28:48 Not able to login BEAT 
2015-05-12 15:30:40 can login
2015-05-12 15:30:40 Able to login BEAT
2015-05-12 15:30:53 /home/kana/kanadigital/preview/gogirl/public_html/public_assets/banner/b96259b27ab95d8e2d448f7f6bb9732c.jpg
2015-05-12 15:31:00 /home/kana/kanadigital/preview/gogirl/public_html/public_assets/banner/c1922197eacc57f6978763854691c4d7.jpg
2015-05-12 15:31:06 /home/kana/kanadigital/preview/gogirl/public_html/public_assets/banner/79e1416f93a53b723493072f7bd7a02c.jpg
2015-05-12 15:41:34 can login
2015-05-12 15:41:34 Able to login BEAT
2015-05-12 15:54:38 /home/kana/kanadigital/preview/gogirl/public_html/public_assets/imgregistrasi/518965129a4af3fed419ea3e7e9537f9.jpg
2015-05-12 15:54:38 /home/kana/kanadigital/preview/gogirl/public_html/public_assets/imgregistrasi/5581826265f9c3214654a9c3cf2b8bd9.jpg
2015-05-12 15:59:42 can login
2015-05-12 15:59:42 Able to login BEAT
2015-05-12 16:05:04 /home/kana/kanadigital/preview/gogirl/public_html/public_assets/imgregistrasi/3518db18c31c5127784d7a92df7279bb.jpg
2015-05-12 16:05:04 /home/kana/kanadigital/preview/gogirl/public_html/public_assets/imgregistrasi/bb5125ae3f8fada38cfdc57634f3216f.jpg
2015-05-12 16:38:52 can login
2015-05-12 16:38:52 Able to login BEAT
2015-05-12 16:42:47 can login
2015-05-12 16:42:47 Able to login BEAT
2015-05-12 17:04:53 Not able to login BEAT 
2015-05-12 17:22:46 Not able to login BEAT 
2015-05-12 17:22:52 can login
2015-05-12 17:22:52 Able to login BEAT
2015-05-12 17:33:10 can login
2015-05-12 17:33:10 Able to login BEAT
